This is pdfTeX, Version 3.1415926-2.3-1.40.12 (TeX Live 2011) (format=pdflatex 2011.7.3)  20 JUN 2012 19:02
entering extended mode
 restricted \write18 enabled.
 %&-line parsing enabled.
**MIP8.tex
(./MIP8.tex
LaTeX2e <2009/09/24>
Babel <v3.8l> and hyphenation patterns for english, dumylang, nohyphenation, ge
rman-x-2009-06-19, ngerman-x-2009-06-19, afrikaans, ancientgreek, ibycus, arabi
c, armenian, basque, bulgarian, catalan, pinyin, coptic, croatian, czech, danis
h, dutch, ukenglish, usenglishmax, esperanto, estonian, ethiopic, farsi, finnis
h, french, galician, german, ngerman, swissgerman, monogreek, greek, hungarian,
 icelandic, assamese, bengali, gujarati, hindi, kannada, malayalam, marathi, or
iya, panjabi, tamil, telugu, indonesian, interlingua, irish, italian, kurmanji,
 lao, latin, latvian, lithuanian, mongolian, mongolianlmc, bokmal, nynorsk, pol
ish, portuguese, romanian, russian, sanskrit, serbian, serbianc, slovak, sloven
ian, spanish, swedish, turkish, turkmen, ukrainian, uppersorbian, welsh, loaded
.
(/usr/local/texlive/2011/texmf-dist/tex/latex/base/article.cls
Document Class: article 2007/10/19 v1.4h Standard LaTeX document class
(/usr/local/texlive/2011/texmf-dist/tex/latex/base/size10.clo
File: size10.clo 2007/10/19 v1.4h Standard LaTeX file (size option)
)
\c@part=\count79
\c@section=\count80
\c@subsection=\count81
\c@subsubsection=\count82
\c@paragraph=\count83
\c@subparagraph=\count84
\c@figure=\count85
\c@table=\count86
\abovecaptionskip=\skip41
\belowcaptionskip=\skip42
\bibindent=\dimen102
)
(/usr/local/texlive/2011/texmf-dist/tex/latex/graphics/graphicx.sty
Package: graphicx 1999/02/16 v1.0f Enhanced LaTeX Graphics (DPC,SPQR)

(/usr/local/texlive/2011/texmf-dist/tex/latex/graphics/keyval.sty
Package: keyval 1999/03/16 v1.13 key=value parser (DPC)
\KV@toks@=\toks14
)
(/usr/local/texlive/2011/texmf-dist/tex/latex/graphics/graphics.sty
Package: graphics 2009/02/05 v1.0o Standard LaTeX Graphics (DPC,SPQR)

(/usr/local/texlive/2011/texmf-dist/tex/latex/graphics/trig.sty
Package: trig 1999/03/16 v1.09 sin cos tan (DPC)
)
(/usr/local/texlive/2011/texmf-dist/tex/latex/latexconfig/graphics.cfg
File: graphics.cfg 2010/04/23 v1.9 graphics configuration of TeX Live
)
Package graphics Info: Driver file: pdftex.def on input line 91.

(/usr/local/texlive/2011/texmf-dist/tex/latex/pdftex-def/pdftex.def
File: pdftex.def 2011/05/27 v0.06d Graphics/color for pdfTeX

(/usr/local/texlive/2011/texmf-dist/tex/generic/oberdiek/infwarerr.sty
Package: infwarerr 2010/04/08 v1.3 Providing info/warning/message (HO)
)
(/usr/local/texlive/2011/texmf-dist/tex/generic/oberdiek/ltxcmds.sty
Package: ltxcmds 2011/04/18 v1.20 LaTeX kernel commands for general use (HO)
)
\Gread@gobject=\count87
))
\Gin@req@height=\dimen103
\Gin@req@width=\dimen104
)
(/usr/local/texlive/2011/texmf-dist/tex/latex/tools/enumerate.sty
Package: enumerate 1999/03/05 v3.00 enumerate extensions (DPC)
\@enLab=\toks15
) (./MIP8.aux)
\openout1 = `MIP8.aux'.

LaTeX Font Info:    Checking defaults for OML/cmm/m/it on input line 4.
LaTeX Font Info:    ... okay on input line 4.
LaTeX Font Info:    Checking defaults for T1/cmr/m/n on input line 4.
LaTeX Font Info:    ... okay on input line 4.
LaTeX Font Info:    Checking defaults for OT1/cmr/m/n on input line 4.
LaTeX Font Info:    ... okay on input line 4.
LaTeX Font Info:    Checking defaults for OMS/cmsy/m/n on input line 4.
LaTeX Font Info:    ... okay on input line 4.
LaTeX Font Info:    Checking defaults for OMX/cmex/m/n on input line 4.
LaTeX Font Info:    ... okay on input line 4.
LaTeX Font Info:    Checking defaults for U/cmr/m/n on input line 4.
LaTeX Font Info:    ... okay on input line 4.
(/usr/local/texlive/2011/texmf-dist/tex/context/base/supp-pdf.mkii
[Loading MPS to PDF converter (version 2006.09.02).]
\scratchcounter=\count88
\scratchdimen=\dimen105
\scratchbox=\box26
\nofMPsegments=\count89
\nofMParguments=\count90
\everyMPshowfont=\toks16
\MPscratchCnt=\count91
\MPscratchDim=\dimen106
\MPnumerator=\count92
\makeMPintoPDFobject=\count93
\everyMPtoPDFconversion=\toks17
) (/usr/local/texlive/2011/texmf-dist/tex/generic/oberdiek/pdftexcmds.sty
Package: pdftexcmds 2011/04/22 v0.16 Utilities of pdfTeX for LuaTeX (HO)

(/usr/local/texlive/2011/texmf-dist/tex/generic/oberdiek/ifluatex.sty
Package: ifluatex 2010/03/01 v1.3 Provides the ifluatex switch (HO)
Package ifluatex Info: LuaTeX not detected.
)
(/usr/local/texlive/2011/texmf-dist/tex/generic/oberdiek/ifpdf.sty
Package: ifpdf 2011/01/30 v2.3 Provides the ifpdf switch (HO)
Package ifpdf Info: pdfTeX in PDF mode is detected.
)
Package pdftexcmds Info: LuaTeX not detected.
Package pdftexcmds Info: \pdf@primitive is available.
Package pdftexcmds Info: \pdf@ifprimitive is available.
Package pdftexcmds Info: \pdfdraftmode found.
)
(/usr/local/texlive/2011/texmf-dist/tex/latex/oberdiek/epstopdf-base.sty
Package: epstopdf-base 2010/02/09 v2.5 Base part for package epstopdf

(/usr/local/texlive/2011/texmf-dist/tex/latex/oberdiek/grfext.sty
Package: grfext 2010/08/19 v1.1 Managing graphics extensions (HO)

(/usr/local/texlive/2011/texmf-dist/tex/generic/oberdiek/kvdefinekeys.sty
Package: kvdefinekeys 2011/04/07 v1.3 Defining keys (HO)
))
(/usr/local/texlive/2011/texmf-dist/tex/latex/oberdiek/kvoptions.sty
Package: kvoptions 2010/12/23 v3.10 Keyval support for LaTeX options (HO)

(/usr/local/texlive/2011/texmf-dist/tex/generic/oberdiek/kvsetkeys.sty
Package: kvsetkeys 2011/04/07 v1.13 Key value parser (HO)

(/usr/local/texlive/2011/texmf-dist/tex/generic/oberdiek/etexcmds.sty
Package: etexcmds 2011/02/16 v1.5 Prefix for e-TeX command names (HO)
Package etexcmds Info: Could not find \expanded.
(etexcmds)             That can mean that you are not using pdfTeX 1.50 or
(etexcmds)             that some package has redefined \expanded.
(etexcmds)             In the latter case, load this package earlier.
)))
Package grfext Info: Graphics extension search list:
(grfext)             [.png,.pdf,.jpg,.mps,.jpeg,.jbig2,.jb2,.PNG,.PDF,.JPG,.JPE
G,.JBIG2,.JB2,.eps]
(grfext)             \AppendGraphicsExtensions on input line 452.

(/usr/local/texlive/2011/texmf-dist/tex/latex/latexconfig/epstopdf-sys.cfg
File: epstopdf-sys.cfg 2010/07/13 v1.3 Configuration of (r)epstopdf for TeX Liv
e
))
Underfull \hbox (badness 10000) in paragraph at lines 12--13

 []

LaTeX Font Info:    Try loading font information for OMS+cmr on input line 14.
(/usr/local/texlive/2011/texmf-dist/tex/latex/base/omscmr.fd
File: omscmr.fd 1999/05/25 v2.5h Standard LaTeX font definitions
)
LaTeX Font Info:    Font shape `OMS/cmr/m/n' in size <10> not available
(Font)              Font shape `OMS/cmsy/m/n' tried instead on input line 14.
Package epstopdf Info: Source file: <Image1.eps>
(epstopdf)                    date: 2012-06-20 18:14:03
(epstopdf)                    size: 1600669 bytes
(epstopdf)             Output file: <Image1-eps-converted-to.pdf>
(epstopdf)                    date: 2012-06-20 18:14:16
(epstopdf)                    size: 105560 bytes
(epstopdf)             Command: <repstopdf --outfile=Image1-eps-converted-to.pd
f Image1.eps>
(epstopdf)             \includegraphics on input line 25.
Package epstopdf Info: Output file is already uptodate.

<Image1-eps-converted-to.pdf, id=1, 562.1pt x 420.57124pt>
File: Image1-eps-converted-to.pdf Graphic file (type pdf)

<use Image1-eps-converted-to.pdf>
Package pdftex.def Info: Image1-eps-converted-to.pdf used on input line 25.
(pdftex.def)             Requested size: 199.16928pt x 149.01826pt.
LaTeX Font Info:    External font `cmex10' loaded for size
(Font)              <7> on input line 30.
LaTeX Font Info:    External font `cmex10' loaded for size
(Font)              <5> on input line 30.

Overfull \hbox (25.41441pt too wide) in paragraph at lines 29--31
\OML/cmm/m/it/10 MEN \OT1/cmr/m/n/10 = 129\OML/cmm/m/it/10 :\OT1/cmr/m/n/10 086
6\OML/cmm/m/it/10 ; CNT \OT1/cmr/m/n/10 = 1\OML/cmm/m/it/10 :\OT1/cmr/m/n/10 84
68\OML/cmm/m/it/10 e[]; VAR \OT1/cmr/m/n/10 = 1\OML/cmm/m/it/10 :\OT1/cmr/m/n/1
0 8044\OML/cmm/m/it/10 e[]; SKW \OT1/cmr/m/n/10 = \OMS/cmsy/m/n/10 ^^@\OT1/cmr/
m/n/10 1\OML/cmm/m/it/10 :\OT1/cmr/m/n/10 0201\OML/cmm/m/it/10 e[]; KRT \OT1/cm
r/m/n/10 =
 []


Underfull \hbox (badness 10000) in paragraph at lines 29--31

 []

Package epstopdf Info: Source file: <Image2.eps>
(epstopdf)                    date: 2012-06-20 18:10:43
(epstopdf)                    size: 1600831 bytes
(epstopdf)             Output file: <Image2-eps-converted-to.pdf>
(epstopdf)                    date: 2012-06-20 18:11:20
(epstopdf)                    size: 111240 bytes
(epstopdf)             Command: <repstopdf --outfile=Image2-eps-converted-to.pd
f Image2.eps>
(epstopdf)             \includegraphics on input line 35.
Package epstopdf Info: Output file is already uptodate.
<Image2-eps-converted-to.pdf, id=2, 562.1pt x 420.57124pt>
File: Image2-eps-converted-to.pdf Graphic file (type pdf)

<use Image2-eps-converted-to.pdf>
Package pdftex.def Info: Image2-eps-converted-to.pdf used on input line 35.
(pdftex.def)             Requested size: 199.16928pt x 149.01826pt.


LaTeX Warning: `!h' float specifier changed to `!ht'.


Overfull \hbox (19.82442pt too wide) in paragraph at lines 39--41
[]\OT1/cmr/m/n/10 Results of com-pu-ta-tions for fig-ure 2 $\OML/cmm/m/it/10 ME
N \OT1/cmr/m/n/10 = 112\OML/cmm/m/it/10 :\OT1/cmr/m/n/10 3470\OML/cmm/m/it/10 ;
 CNT \OT1/cmr/m/n/10 = 1\OML/cmm/m/it/10 :\OT1/cmr/m/n/10 3846\OML/cmm/m/it/10 
e[]; VAR \OT1/cmr/m/n/10 =
 []


Underfull \hbox (badness 10000) in paragraph at lines 39--41

 []

[1

{/usr/local/texlive/2011/texmf-var/fonts/map/pdftex/updmap/pdftex.map} <./Image
1-eps-converted-to.pdf>] [2 <./Image2-eps-converted-to.pdf>]
Package epstopdf Info: Source file: <Image3.eps>
(epstopdf)                    date: 2012-06-20 18:30:29
(epstopdf)                    size: 1600616 bytes
(epstopdf)             Output file: <Image3-eps-converted-to.pdf>
(epstopdf)                    date: 2012-06-20 18:30:56
(epstopdf)                    size: 80184 bytes
(epstopdf)             Command: <repstopdf --outfile=Image3-eps-converted-to.pd
f Image3.eps>
(epstopdf)             \includegraphics on input line 46.
Package epstopdf Info: Output file is already uptodate.

<Image3-eps-converted-to.pdf, id=29, 562.1pt x 421.575pt>
File: Image3-eps-converted-to.pdf Graphic file (type pdf)

<use Image3-eps-converted-to.pdf>
Package pdftex.def Info: Image3-eps-converted-to.pdf used on input line 46.
(pdftex.def)             Requested size: 199.16928pt x 149.3739pt.

Overfull \hbox (19.82442pt too wide) in paragraph at lines 50--52
[]\OT1/cmr/m/n/10 Results of com-pu-ta-tions for fig-ure 3 $\OML/cmm/m/it/10 ME
N \OT1/cmr/m/n/10 = 164\OML/cmm/m/it/10 :\OT1/cmr/m/n/10 6297\OML/cmm/m/it/10 ;
 CNT \OT1/cmr/m/n/10 = 4\OML/cmm/m/it/10 :\OT1/cmr/m/n/10 0155\OML/cmm/m/it/10 
e[]; VAR \OT1/cmr/m/n/10 =
 []


Underfull \hbox (badness 10000) in paragraph at lines 50--52

 []

Package epstopdf Info: Source file: <image4.eps>
(epstopdf)                    date: 2012-06-20 18:32:49
(epstopdf)                    size: 1600603 bytes
(epstopdf)             Output file: <image4-eps-converted-to.pdf>
(epstopdf)                    date: 2012-06-20 18:33:35
(epstopdf)                    size: 119555 bytes
(epstopdf)             Command: <repstopdf --outfile=image4-eps-converted-to.pd
f image4.eps>
(epstopdf)             \includegraphics on input line 56.
Package epstopdf Info: Output file is already uptodate.
<image4-eps-converted-to.pdf, id=30, 562.1pt x 420.57124pt>
File: image4-eps-converted-to.pdf Graphic file (type pdf)

<use image4-eps-converted-to.pdf>
Package pdftex.def Info: image4-eps-converted-to.pdf used on input line 56.
(pdftex.def)             Requested size: 199.16928pt x 149.01826pt.

Overfull \hbox (35.93555pt too wide) in paragraph at lines 61--63
[]\OT1/cmr/m/n/10 Results of the com-pu-ta-tions for fig-ure 4 $\OML/cmm/m/it/1
0 MEN \OT1/cmr/m/n/10 = 186\OML/cmm/m/it/10 :\OT1/cmr/m/n/10 7296\OML/cmm/m/it/
10 ; CNT \OT1/cmr/m/n/10 = 3\OML/cmm/m/it/10 :\OT1/cmr/m/n/10 7173\OML/cmm/m/it
/10 e[]; VAR \OT1/cmr/m/n/10 =
 []


Underfull \hbox (badness 10000) in paragraph at lines 61--63

 []

[3

 <./Image3-eps-converted-to.pdf> <./image4-eps-converted-to.pdf>]
Package epstopdf Info: Source file: <image5.eps>
(epstopdf)                    date: 2012-06-20 18:34:20
(epstopdf)                    size: 1600848 bytes
(epstopdf)             Output file: <image5-eps-converted-to.pdf>
(epstopdf)                    date: 2012-06-20 18:37:42
(epstopdf)                    size: 151002 bytes
(epstopdf)             Command: <repstopdf --outfile=image5-eps-converted-to.pd
f image5.eps>
(epstopdf)             \includegraphics on input line 67.
Package epstopdf Info: Output file is already uptodate.

<image5-eps-converted-to.pdf, id=46, 562.1pt x 420.57124pt>
File: image5-eps-converted-to.pdf Graphic file (type pdf)

<use image5-eps-converted-to.pdf>
Package pdftex.def Info: image5-eps-converted-to.pdf used on input line 67.
(pdftex.def)             Requested size: 199.16928pt x 149.01826pt.

Overfull \hbox (40.41441pt too wide) in paragraph at lines 72--73
[]$\OML/cmm/m/it/10 MEN \OT1/cmr/m/n/10 = 173\OML/cmm/m/it/10 :\OT1/cmr/m/n/10 
2691\OML/cmm/m/it/10 ; CNT \OT1/cmr/m/n/10 = 3\OML/cmm/m/it/10 :\OT1/cmr/m/n/10
 1135\OML/cmm/m/it/10 e[]; VAR \OT1/cmr/m/n/10 = 1\OML/cmm/m/it/10 :\OT1/cmr/m/
n/10 1124\OML/cmm/m/it/10 e[]; SKW \OT1/cmr/m/n/10 = \OMS/cmsy/m/n/10 ^^@\OT1/c
mr/m/n/10 3\OML/cmm/m/it/10 :\OT1/cmr/m/n/10 2631\OML/cmm/m/it/10 e[]; KRT \OT1
/cmr/m/n/10 =
 []

[4

 <./image5-eps-converted-to.pdf>] (./MIP8.aux) ) 
Here is how much of TeX's memory you used:
 1493 strings out of 493633
 21923 string characters out of 3143378
 75184 words of memory out of 3000000
 4802 multiletter control sequences out of 15000+200000
 3808 words of font info for 15 fonts, out of 3000000 for 9000
 831 hyphenation exceptions out of 8191
 37i,5n,23p,244b,216s stack positions out of 5000i,500n,10000p,200000b,50000s
</usr/local/texlive/2011/texmf-
dist/fonts/type1/public/amsfonts/cm/cmmi10.pfb></usr/local/texlive/2011/texmf-d
ist/fonts/type1/public/amsfonts/cm/cmr10.pfb></usr/local/texlive/2011/texmf-dis
t/fonts/type1/public/amsfonts/cm/cmr7.pfb></usr/local/texlive/2011/texmf-dist/f
onts/type1/public/amsfonts/cm/cmsy10.pfb></usr/local/texlive/2011/texmf-dist/fo
nts/type1/public/amsfonts/cm/cmsy7.pfb></usr/local/texlive/2011/texmf-dist/font
s/type1/public/amsfonts/cm/cmtt10.pfb>
Output written on MIP8.pdf (4 pages, 622400 bytes).
PDF statistics:
 76 PDF objects out of 1000 (max. 8388607)
 48 compressed objects within 1 object stream
 0 named destinations out of 1000 (max. 500000)
 26 words of extra memory for PDF output out of 10000 (max. 10000000)

